  pch.cpp
  714HW1.cpp
c:\dan\wisconsin\2020\2020 fall\math714\hw3\714hw1\714hw1\714hw1.cpp(191): warning C4244: 'initializing': conversion from 'double' to 'int', possible loss of data
  Grid.cpp
c:\dan\wisconsin\2020\2020 fall\math714\hw3\714hw1\714hw1\grid.cpp(101): warning C4101: 'MaxError': unreferenced local variable
c:\dan\wisconsin\2020\2020 fall\math714\hw3\714hw1\714hw1\grid.cpp(101): warning C4101: 'Error': unreferenced local variable
c:\dan\wisconsin\2020\2020 fall\math714\hw3\714hw1\714hw1\grid.cpp(107): warning C4101: 'f': unreferenced local variable
c:\dan\wisconsin\2020\2020 fall\math714\hw3\714hw1\714hw1\grid.cpp(107): warning C4101: 'dudy': unreferenced local variable
c:\dan\wisconsin\2020\2020 fall\math714\hw3\714hw1\714hw1\grid.cpp(100): warning C4101: 'iCount': unreferenced local variable
c:\dan\wisconsin\2020\2020 fall\math714\hw3\714hw1\714hw1\grid.cpp(155): warning C4244: 'initializing': conversion from 'double' to 'int', possible loss of data
c:\dan\wisconsin\2020\2020 fall\math714\hw3\714hw1\714hw1\grid.cpp(177): warning C4101: 'MaxError': unreferenced local variable
c:\dan\wisconsin\2020\2020 fall\math714\hw3\714hw1\714hw1\grid.cpp(177): warning C4101: 'Error': unreferenced local variable
c:\dan\wisconsin\2020\2020 fall\math714\hw3\714hw1\714hw1\grid.cpp(183): warning C4101: 'f': unreferenced local variable
c:\dan\wisconsin\2020\2020 fall\math714\hw3\714hw1\714hw1\grid.cpp(183): warning C4101: 'dudy': unreferenced local variable
c:\dan\wisconsin\2020\2020 fall\math714\hw3\714hw1\714hw1\grid.cpp(176): warning C4101: 'iCount': unreferenced local variable
c:\dan\wisconsin\2020\2020 fall\math714\hw3\714hw1\714hw1\grid.cpp(960): warning C4244: 'initializing': conversion from 'double' to 'int', possible loss of data
c:\dan\wisconsin\2020\2020 fall\math714\hw3\714hw1\714hw1\grid.cpp(1070): warning C4101: 'MaxError': unreferenced local variable
c:\dan\wisconsin\2020\2020 fall\math714\hw3\714hw1\714hw1\grid.cpp(1070): warning C4101: 'Error': unreferenced local variable
c:\dan\wisconsin\2020\2020 fall\math714\hw3\714hw1\714hw1\grid.cpp(1069): warning C4101: 'iCount': unreferenced local variable
c:\dan\wisconsin\2020\2020 fall\math714\hw3\714hw1\714hw1\grid.cpp(1124): warning C4101: 'MaxError': unreferenced local variable
c:\dan\wisconsin\2020\2020 fall\math714\hw3\714hw1\714hw1\grid.cpp(1124): warning C4101: 'Error': unreferenced local variable
c:\dan\wisconsin\2020\2020 fall\math714\hw3\714hw1\714hw1\grid.cpp(1123): warning C4101: 'iCount': unreferenced local variable
  Generating code
  All 33 functions were compiled because no usable IPDB/IOBJ from previous compilation was found.
  Finished generating code
  714HW1.vcxproj -> C:\Dan\Wisconsin\2020\2020 Fall\Math714\HW3\714HW1\x64\Release\714HW1.exe
